=== sessions ===
n8n|n8n_app||172.31.0.2/32|idle
__RC__=0

=== memberships ===
intdata_supabase_user|anon
intdata_supabase_user|authenticated
intdata_supabase_user|service_role
__RC__=0

=== owned_objects ===
function|intdata_supabase_user|30
schema|intdata_supabase_user|4
table|intdata_supabase_user|24
__RC__=0

=== custom_role_privs ===
db_migrator_dev|assess|INSERT|3
db_migrator_dev|assess|SELECT|4
db_migrator_dev|assess|UPDATE|3
db_migrator_dev|auth|INSERT|2
db_migrator_dev|auth|SELECT|2
db_migrator_dev|auth|UPDATE|2
db_migrator_dev|public|DELETE|8
db_migrator_dev|public|INSERT|8
db_migrator_dev|public|SELECT|8
db_migrator_dev|public|UPDATE|8
db_readonly_dev|public|SELECT|8
intdata_supabase_user|auth|DELETE|14
intdata_supabase_user|auth|INSERT|14
intdata_supabase_user|auth|REFERENCES|14
intdata_supabase_user|auth|SELECT|14
intdata_supabase_user|auth|TRIGGER|14
intdata_supabase_user|auth|TRUNCATE|14
intdata_supabase_user|auth|UPDATE|14
intdata_supabase_user|public|DELETE|3
intdata_supabase_user|public|INSERT|3
intdata_supabase_user|public|REFERENCES|1
intdata_supabase_user|public|SELECT|3
intdata_supabase_user|public|TRIGGER|1
intdata_supabase_user|public|TRUNCATE|1
intdata_supabase_user|public|UPDATE|3
intdata_supabase_user|storage|DELETE|9
intdata_supabase_user|storage|INSERT|9
intdata_supabase_user|storage|REFERENCES|9
intdata_supabase_user|storage|SELECT|9
intdata_supabase_user|storage|TRIGGER|9
intdata_supabase_user|storage|TRUNCATE|9
intdata_supabase_user|storage|UPDATE|9
__RC__=0

=== database_owners ===
intdata|supabase_admin
postgres|postgres
__RC__=0
