=== databases ===
punkt_b_legacy_prod|legacy_backend_role
punkt_b_prod|punktb_pro
__RC__=0

=== sessions ===
punkt_b_legacy_prod|legacy_backend_role||172.17.0.2/32|idle
punkt_b_prod|punktb_pro||172.19.0.8/32|idle
punkt_b_prod|punktb_pro||172.19.0.6/32|idle
punkt_b_prod|punktb_pro|cluster_node_realtime@127.0.0.1|172.19.0.4/32|idle
punkt_b_prod|punktb_pro|cluster_node_realtime@127.0.0.1|172.19.0.4/32|idle
punkt_b_prod|punktb_pro|supabase_mt_realtime|172.19.0.4/32|idle
punkt_b_prod|punktb_pro|supabase_mt_realtime|172.19.0.4/32|idle
punkt_b_prod|punktb_pro|supabase_mt_realtime|172.19.0.4/32|idle
punkt_b_prod|punktb_pro|supabase_mt_realtime|172.19.0.4/32|idle
punkt_b_prod|punktb_pro|supabase_mt_realtime|172.19.0.4/32|idle
__RC__=0

=== memberships ===
__RC__=0

=== legacy_db_connect ===
db_migrator_prod|true
db_readonly_legacy|true
db_readonly_prod|true
legacy_backend_role|true
punktb_pro|true
__RC__=0

=== legacy_public_usage ===
db_readonly_legacy|true
db_readonly_prod|true
legacy_backend_role|true
punktb_pro|true
__RC__=0

=== legacy_table_select_sample ===
public.clients|false|true
public.diagnostics|false|true
public.managers|false|true
__RC__=0

=== legacy_owned_objects ===
function|legacy_backend_role|2
schema|legacy_backend_role|2
table|legacy_backend_role|10
__RC__=0

=== prod_owned_objects ===
function|punktb_pro|302
schema|punktb_pro|12
table|punktb_pro|100
__RC__=0

=== prod_dev_role_privs ===
db_migrator_dev|auth|INSERT|1
db_migrator_dev|auth|SELECT|1
db_migrator_dev|auth|UPDATE|1
db_migrator_dev|public|DELETE|5
db_migrator_dev|public|INSERT|5
db_migrator_dev|public|SELECT|5
db_migrator_dev|public|UPDATE|5
db_readonly_dev|public|SELECT|5
__RC__=0
