=== punktb_databases ===
__RC__=1

=== punktb_sessions_all ===
__RC__=1

=== punktb_role_memberships ===
__RC__=1

=== legacy_db_priv_matrix ===
__RC__=1

=== legacy_public_schema_usage ===
__RC__=1

=== legacy_table_select_sample ===
__RC__=1

=== legacy_owned_objects ===
__RC__=1

=== prod_owned_objects ===
__RC__=1

=== prod_dev_role_privs ===
__RC__=1

=== punktb_host_refs ===
__RC__=0

=== intdata_sessions_all ===
__RC__=1

=== intdata_role_memberships ===
__RC__=1

=== intdata_owned_objects ===
__RC__=1

=== intdata_custom_role_privs ===
__RC__=1

=== intdata_host_refs ===
__RC__=255

=== intdata_systemd_refs ===
__RC__=255
