=== check_1 ===
agents
db_admin_dev
db_migrator_dev
db_readonly_dev
intdata_supabase_user
intnexus
n8n_app
postfixadmin
punkt_b_test_user
webmin
zabbix
__RC__=0

=== check_2 ===
intdata|supabase_admin
intnexusdb|intnexus
n8n|n8n_app
webmin|webmin
__RC__=0

=== check_3 ===
config-probe-bridge-1|Restarting (1) 4 days ago
__RC__=0

=== check_4 ===
bridge-bot-dev.service                       disabled        enabled
bridge-bot.service                           disabled        enabled
intbridge-api-test.service                   disabled        enabled
intbridge-worker-whatsapp-test.service       disabled        enabled
__RC__=0

=== check_5 ===
__RC__=0
